09:56:55.619 [INFO ] [circularDeps    ] 순환 참조 탐지 시작  {"totalNodes":31}
09:56:55.620 [DEBUG] [circularDeps    ] 루트 노드 DFS 시작  {"node":"app\\layout.tsx"}
09:56:55.620 [DEBUG] [circularDeps    ] DFS 방문  {"node":"app\\layout.tsx","stackDepth":1}
09:56:55.620 [DEBUG] [circularDeps    ] DFS 방문  {"node":"app\\globals.css","stackDepth":2}
09:56:55.620 [DEBUG] [circularDeps    ] DFS 완료  {"node":"app\\globals.css"}
09:56:55.620 [DEBUG] [circularDeps    ] DFS 완료  {"node":"app\\layout.tsx"}
09:56:55.620 [DEBUG] [circularDeps    ] 루트 노드 DFS 시작  {"node":"app\\page.tsx"}
09:56:55.620 [DEBUG] [circularDeps    ] DFS 방문  {"node":"app\\page.tsx","stackDepth":1}
09:56:55.620 [DEBUG] [circularDeps    ] DFS 방문  {"node":"src\\components\\canvas\\DayNightContext.tsx","stackDepth":2}
09:56:55.620 [DEBUG] [circularDeps    ] DFS 완료  {"node":"src\\components\\canvas\\DayNightContext.tsx"}
09:56:55.620 [DEBUG] [circularDeps    ] DFS 방문  {"node":"src\\components\\canvas\\WeatherContext.tsx","stackDepth":2}
09:56:55.620 [DEBUG] [circularDeps    ] DFS 완료  {"node":"src\\components\\canvas\\WeatherContext.tsx"}
09:56:55.620 [DEBUG] [circularDeps    ] DFS 방문  {"node":"src\\components\\canvas\\DayNightButton.tsx","stackDepth":2}
09:56:55.620 [DEBUG] [circularDeps    ] DFS 완료  {"node":"src\\components\\canvas\\DayNightButton.tsx"}
09:56:55.620 [DEBUG] [circularDeps    ] DFS 방문  {"node":"src\\components\\canvas\\WeatherButton.tsx","stackDepth":2}
09:56:55.620 [DEBUG] [circularDeps    ] DFS 완료  {"node":"src\\components\\canvas\\WeatherButton.tsx"}
09:56:55.620 [DEBUG] [circularDeps    ] DFS 방문  {"node":"src\\components\\ui\\PortfolioModal.tsx","stackDepth":2}
09:56:55.620 [DEBUG] [circularDeps    ] DFS 방문  {"node":"src\\components\\room\\portfolioData.ts","stackDepth":3}
09:56:55.620 [DEBUG] [circularDeps    ] DFS 완료  {"node":"src\\components\\room\\portfolioData.ts"}
09:56:55.620 [DEBUG] [circularDeps    ] DFS 완료  {"node":"src\\components\\ui\\PortfolioModal.tsx"}
09:56:55.620 [DEBUG] [circularDeps    ] DFS 방문  {"node":"src\\components\\ui\\NavigationGuide.tsx","stackDepth":2}
09:56:55.620 [DEBUG] [circularDeps    ] DFS 완료  {"node":"src\\components\\ui\\NavigationGuide.tsx"}
09:56:55.620 [DEBUG] [circularDeps    ] DFS 방문  {"node":"src\\components\\canvas\\SceneContainer.tsx","stackDepth":2}
09:56:55.620 [DEBUG] [circularDeps    ] DFS 방문  {"node":"src\\components\\snowBackground\\SnowBackground.tsx","stackDepth":3}
09:56:55.620 [DEBUG] [circularDeps    ] DFS 방문  {"node":"src\\components\\snowBackground\\Snow.tsx","stackDepth":4}
09:56:55.620 [DEBUG] [circularDeps    ] DFS 완료  {"node":"src\\components\\snowBackground\\Snow.tsx"}
09:56:55.620 [DEBUG] [circularDeps    ] DFS 방문  {"node":"src\\components\\snowBackground\\Bonfire.tsx","stackDepth":4}
09:56:55.620 [DEBUG] [circularDeps    ] DFS 방문  {"node":"src\\components\\room\\AnimatedWrapper.tsx","stackDepth":5}
09:56:55.620 [DEBUG] [circularDeps    ] DFS 완료  {"node":"src\\components\\room\\AnimatedWrapper.tsx"}
09:56:55.620 [DEBUG] [circularDeps    ] DFS 완료  {"node":"src\\components\\snowBackground\\Bonfire.tsx"}
09:56:55.620 [DEBUG] [circularDeps    ] DFS 방문  {"node":"src\\components\\snowBackground\\Woodpile.tsx","stackDepth":4}
09:56:55.620 [DEBUG] [circularDeps    ] DFS 완료  {"node":"src\\components\\snowBackground\\Woodpile.tsx"}
09:56:55.620 [DEBUG] [circularDeps    ] DFS 방문  {"node":"src\\components\\snowBackground\\Snowman.tsx","stackDepth":4}
09:56:55.620 [DEBUG] [circularDeps    ] DFS 완료  {"node":"src\\components\\snowBackground\\Snowman.tsx"}
09:56:55.620 [DEBUG] [circularDeps    ] DFS 방문  {"node":"src\\components\\snowBackground\\FrozenPond.tsx","stackDepth":4}
09:56:55.620 [DEBUG] [circularDeps    ] DFS 완료  {"node":"src\\components\\snowBackground\\FrozenPond.tsx"}
09:56:55.620 [DEBUG] [circularDeps    ] DFS 방문  {"node":"src\\components\\snowBackground\\Pedestal.tsx","stackDepth":4}
09:56:55.620 [DEBUG] [circularDeps    ] DFS 완료  {"node":"src\\components\\snowBackground\\Pedestal.tsx"}
09:56:55.620 [DEBUG] [circularDeps    ] DFS 방문  {"node":"src\\components\\snowBackground\\House.tsx","stackDepth":4}
09:56:55.620 [DEBUG] [circularDeps    ] DFS 완료  {"node":"src\\components\\snowBackground\\House.tsx"}
09:56:55.620 [DEBUG] [circularDeps    ] DFS 방문  {"node":"src\\components\\snowBackground\\LampPost.tsx","stackDepth":4}
09:56:55.620 [DEBUG] [circularDeps    ] DFS 완료  {"node":"src\\components\\snowBackground\\LampPost.tsx"}
09:56:55.620 [DEBUG] [circularDeps    ] DFS 방문  {"node":"src\\components\\snowBackground\\ChristmasTree.tsx","stackDepth":4}
09:56:55.620 [DEBUG] [circularDeps    ] DFS 완료  {"node":"src\\components\\snowBackground\\ChristmasTree.tsx"}
09:56:55.620 [DEBUG] [circularDeps    ] DFS 완료  {"node":"src\\components\\snowBackground\\SnowBackground.tsx"}
09:56:55.620 [DEBUG] [circularDeps    ] DFS 방문  {"node":"src\\components\\room\\Room.tsx","stackDepth":3}
09:56:55.620 [DEBUG] [circularDeps    ] DFS 방문  {"node":"src\\components\\room\\structure\\Floor.tsx","stackDepth":4}
09:56:55.620 [DEBUG] [circularDeps    ] DFS 방문  {"node":"src\\components\\room\\layout.ts","stackDepth":5}
09:56:55.620 [DEBUG] [circularDeps    ] DFS 방문  {"node":"src\\components\\room\\constants.ts","stackDepth":6}
09:56:55.620 [DEBUG] [circularDeps    ] DFS 완료  {"node":"src\\components\\room\\constants.ts"}
09:56:55.620 [DEBUG] [circularDeps    ] DFS 완료  {"node":"src\\components\\room\\layout.ts"}
09:56:55.620 [DEBUG] [circularDeps    ] DFS 방문  {"node":"src\\components\\room\\materials.ts","stackDepth":5}
09:56:55.620 [DEBUG] [circularDeps    ] DFS 완료  {"node":"src\\components\\room\\materials.ts"}
09:56:55.620 [DEBUG] [circularDeps    ] DFS 완료  {"node":"src\\components\\room\\structure\\Floor.tsx"}
09:56:55.620 [DEBUG] [circularDeps    ] DFS 방문  {"node":"src\\components\\room\\structure\\Walls.tsx","stackDepth":4}
09:56:55.620 [DEBUG] [circularDeps    ] DFS 방문  {"node":"src\\components\\room\\decorations\\CatFrames.tsx","stackDepth":5}
09:56:55.620 [DEBUG] [circularDeps    ] DFS 방문  {"node":"src\\components\\room\\decorations\\catTextures.ts","stackDepth":6}
09:56:55.620 [DEBUG] [circularDeps    ] DFS 완료  {"node":"src\\components\\room\\decorations\\catTextures.ts"}
09:56:55.620 [DEBUG] [circularDeps    ] DFS 완료  {"node":"src\\components\\room\\decorations\\CatFrames.tsx"}
09:56:55.620 [DEBUG] [circularDeps    ] DFS 방문  {"node":"src\\components\\room\\decorations\\IconFrames.tsx","stackDepth":5}
09:56:55.620 [DEBUG] [circularDeps    ] DFS 방문  {"node":"src\\components\\room\\decorations\\iconTextures.ts","stackDepth":6}
09:56:55.620 [DEBUG] [circularDeps    ] DFS 완료  {"node":"src\\components\\room\\decorations\\iconTextures.ts"}
09:56:55.620 [DEBUG] [circularDeps    ] DFS 완료  {"node":"src\\components\\room\\decorations\\IconFrames.tsx"}
09:56:55.620 [DEBUG] [circularDeps    ] DFS 방문  {"node":"src\\components\\room\\decorations\\WallClock.tsx","stackDepth":5}
09:56:55.620 [DEBUG] [circularDeps    ] DFS 완료  {"node":"src\\components\\room\\decorations\\WallClock.tsx"}
09:56:55.620 [DEBUG] [circularDeps    ] DFS 완료  {"node":"src\\components\\room\\structure\\Walls.tsx"}
09:56:55.620 [DEBUG] [circularDeps    ] DFS 방문  {"node":"src\\components\\room\\structure\\Moulding.tsx","stackDepth":4}
09:56:55.620 [DEBUG] [circularDeps    ] DFS 완료  {"node":"src\\components\\room\\structure\\Moulding.tsx"}
09:56:55.620 [DEBUG] [circularDeps    ] DFS 방문  {"node":"src\\components\\room\\furniture\\Desk.tsx","stackDepth":4}
09:56:55.620 [DEBUG] [circularDeps    ] DFS 완료  {"node":"src\\components\\room\\furniture\\Desk.tsx"}
09:56:55.620 [DEBUG] [circularDeps    ] DFS 방문  {"node":"src\\components\\room\\furniture\\Bed.tsx","stackDepth":4}
09:56:55.620 [DEBUG] [circularDeps    ] DFS 완료  {"node":"src\\components\\room\\furniture\\Bed.tsx"}
09:56:55.620 [DEBUG] [circularDeps    ] DFS 방문  {"node":"src\\components\\room\\furniture\\Storage.tsx","stackDepth":4}
09:56:55.620 [DEBUG] [circularDeps    ] DFS 완료  {"node":"src\\components\\room\\furniture\\Storage.tsx"}
09:56:55.620 [DEBUG] [circularDeps    ] DFS 방문  {"node":"src\\components\\room\\furniture\\SunbathingCat.tsx","stackDepth":4}
09:56:55.620 [DEBUG] [circularDeps    ] DFS 완료  {"node":"src\\components\\room\\furniture\\SunbathingCat.tsx"}
09:56:55.620 [DEBUG] [circularDeps    ] DFS 방문  {"node":"src\\components\\room\\furniture\\CatBowls.tsx","stackDepth":4}
09:56:55.620 [DEBUG] [circularDeps    ] DFS 완료  {"node":"src\\components\\room\\furniture\\CatBowls.tsx"}
09:56:55.620 [DEBUG] [circularDeps    ] DFS 방문  {"node":"src\\components\\room\\furniture\\Nightstand.tsx","stackDepth":4}
09:56:55.620 [DEBUG] [circularDeps    ] DFS 완료  {"node":"src\\components\\room\\furniture\\Nightstand.tsx"}
09:56:55.620 [DEBUG] [circularDeps    ] DFS 방문  {"node":"src\\components\\room\\furniture\\Trashcan.tsx","stackDepth":4}
09:56:55.620 [DEBUG] [circularDeps    ] DFS 완료  {"node":"src\\components\\room\\furniture\\Trashcan.tsx"}
09:56:55.620 [DEBUG] [circularDeps    ] DFS 완료  {"node":"src\\components\\room\\Room.tsx"}
09:56:55.620 [DEBUG] [circularDeps    ] DFS 방문  {"node":"src\\components\\room\\Performance.ts","stackDepth":3}
09:56:55.620 [DEBUG] [circularDeps    ] DFS 완료  {"node":"src\\components\\room\\Performance.ts"}
09:56:55.620 [DEBUG] [circularDeps    ] DFS 완료  {"node":"src\\components\\canvas\\SceneContainer.tsx"}
09:56:55.620 [DEBUG] [circularDeps    ] DFS 완료  {"node":"app\\page.tsx"}
09:56:55.620 [DEBUG] [circularDeps    ] 루트 노드 DFS 시작  {"node":"src\\app\\page.tsx"}
09:56:55.620 [DEBUG] [circularDeps    ] DFS 방문  {"node":"src\\app\\page.tsx","stackDepth":1}
09:56:55.620 [DEBUG] [circularDeps    ] DFS 완료  {"node":"src\\app\\page.tsx"}
09:56:55.620 [DEBUG] [circularDeps    ] 루트 노드 DFS 시작  {"node":"next-env.d.ts"}
09:56:55.620 [DEBUG] [circularDeps    ] DFS 방문  {"node":"next-env.d.ts","stackDepth":1}
09:56:55.620 [DEBUG] [circularDeps    ] DFS 방문  {"node":".next\\dev\\types\\routes.d.ts","stackDepth":2}
09:56:55.620 [DEBUG] [circularDeps    ] DFS 완료  {"node":".next\\dev\\types\\routes.d.ts"}
09:56:55.620 [DEBUG] [circularDeps    ] DFS 완료  {"node":"next-env.d.ts"}
09:56:55.620 [INFO ] [circularDeps    ] 순환 참조 탐지 완료  {"totalCycles":0,"cycles":[]}
